<?xml version="1.0" encoding="UTF-8"?>
<!-- Generated by org.testng.reporters.JUnitReportReporter -->
<testsuite hostname="Ashutoshs-MacBook-Air.local" failures="0" tests="3" name="com.imdb.automation.AutomationFramework" time="24.577" errors="0" timestamp="18 Feb 2021 10:05:45 GMT" skipped="1">
  <testcase classname="com.imdb.automation.AutomationFramework" name="logIn" time="12.255"/>
  <testcase classname="com.imdb.automation.AutomationFramework" name="topmovie" time="12.322"/>
  <testcase classname="com.imdb.automation.AutomationFramework" name="signUp">
    <skipped/>
  </testcase> <!-- signUp -->
</testsuite> <!-- com.imdb.automation.AutomationFramework -->
